Flutter crash report.
Please report a bug at https://github.com/flutter/flutter/issues.

## command

flutter run -d web-server

## exception

_TypeError: Null check operator used on a null value

```
#0      ResidentHandlers._toggleDebugBanner (package:flutter_tools/src/resident_runner.dart:1007:37)
#1      ResidentHandlers._takeVmServiceScreenshot (package:flutter_tools/src/resident_runner.dart:992:12)
#2      ResidentHandlers.screenshot (package:flutter_tools/src/resident_runner.dart:970:24)
#3      TerminalHandler._commonTerminalInputHandler (package:flutter_tools/src/resident_runner.dart:1859:32)
#4      TerminalHandler.processTerminalInput (package:flutter_tools/src/resident_runner.dart:1906:13)
#5      _rootRunUnary (dart:async/zone_root.dart:48:47)
#6      _CustomZone.runUnary (dart:async/zone.dart:733:19)
#7      _CustomZone.runUnaryGuarded (dart:async/zone.dart:633:7)
#8      _BufferingStreamSubscription._sendData (dart:async/stream_impl.dart:381:11)
#9      _BufferingStreamSubscription._add (dart:async/stream_impl.dart:312:7)
#10     _SyncBroadcastStreamController._sendData (dart:async/broadcast_stream_controller.dart:385:25)
#11     _BroadcastStreamController.add (dart:async/broadcast_stream_controller.dart:257:5)
#12     _AsBroadcastStreamController.add (dart:async/broadcast_stream_controller.dart:488:11)
#13     _rootRunUnary (dart:async/zone_root.dart:48:47)
#14     _CustomZone.runUnary (dart:async/zone.dart:733:19)
#15     _CustomZone.runUnaryGuarded (dart:async/zone.dart:633:7)
#16     _BufferingStreamSubscription._sendData (dart:async/stream_impl.dart:381:11)
#17     _BufferingStreamSubscription._add (dart:async/stream_impl.dart:312:7)
#18     _SinkTransformerStreamSubscription._add (dart:async/stream_transformers.dart:67:11)
#19     _EventSinkWrapper.add (dart:async/stream_transformers.dart:13:11)
#20     _StringAdapterSink.add (dart:convert/string_conversion.dart:228:11)
#21     _StringAdapterSink.addSlice (dart:convert/string_conversion.dart:233:7)
#22     _Utf8ConversionSink.addSlice (dart:convert/string_conversion.dart:313:20)
#23     _ErrorHandlingAsciiDecoderSink.addSlice (dart:convert/ascii.dart:285:17)
#24     _ErrorHandlingAsciiDecoderSink.add (dart:convert/ascii.dart:271:5)
#25     _ConverterStreamEventSink.add (dart:convert/chunked_conversion.dart:70:18)
#26     _SinkTransformerStreamSubscription._handleData (dart:async/stream_transformers.dart:115:24)
#27     _rootRunUnary (dart:async/zone_root.dart:48:47)
#28     _CustomZone.runUnary (dart:async/zone.dart:733:19)
#29     _CustomZone.runUnaryGuarded (dart:async/zone.dart:633:7)
#30     _BufferingStreamSubscription._sendData (dart:async/stream_impl.dart:381:11)
#31     _BufferingStreamSubscription._add (dart:async/stream_impl.dart:312:7)
#32     _SyncStreamControllerDispatch._sendData (dart:async/stream_controller.dart:798:19)
#33     _StreamController._add (dart:async/stream_controller.dart:663:7)
#34     _StreamController.add (dart:async/stream_controller.dart:618:5)
#35     _Socket._onData (dart:io-patch/socket_patch.dart:2874:41)
#36     _rootRunUnary (dart:async/zone_root.dart:56:13)
#37     _CustomZone.runUnary (dart:async/zone.dart:733:19)
#38     _CustomZone.runUnaryGuarded (dart:async/zone.dart:633:7)
#39     _BufferingStreamSubscription._sendData (dart:async/stream_impl.dart:381:11)
#40     _BufferingStreamSubscription._add (dart:async/stream_impl.dart:312:7)
#41     _SyncStreamControllerDispatch._sendData (dart:async/stream_controller.dart:798:19)
#42     _StreamController._add (dart:async/stream_controller.dart:663:7)
#43     _StreamController.add (dart:async/stream_controller.dart:618:5)
#44     new _RawSocket.<anonymous closure> (dart:io-patch/socket_patch.dart:2312:31)
#45     _NativeSocket.issueReadEvent.issue (dart:io-patch/socket_patch.dart:1647:14)
#46     _microtaskLoop (dart:async/schedule_microtask.dart:40:35)
#47     _startMicrotaskLoop (dart:async/schedule_microtask.dart:49:5)
#48     _runPendingImmediateCallback (dart:isolate-patch/isolate_patch.dart:127:13)
#49     _RawReceivePort._handleMessage (dart:isolate-patch/isolate_patch.dart:194:5)
```

## flutter doctor

```
[32m[✓][39m Flutter (Channel stable, 3.41.9, on Microsoft Windows [versÆo 10.0.26200.8328], locale pt-BR) [489ms]
    [32m•[39m Flutter version 3.41.9 on channel stable at C:\tools\flutter
    [32m•[39m Upstream repository https://github.com/flutter/flutter.git
    [32m•[39m Framework revision 00b0c91f06 (12 days ago), 2026-04-29 10:03:19 -0700
    [32m•[39m Engine revision 42d3d75a56
    [32m•[39m Dart version 3.11.5
    [32m•[39m DevTools version 2.54.2
    [32m•[39m Feature flags: enable-web, enable-linux-desktop, enable-macos-desktop, enable-windows-desktop, enable-android, enable-ios, cli-animations, enable-native-assets,
      omit-legacy-version-file, enable-lldb-debugging, enable-uiscene-migration

[32m[✓][39m Windows Version (Windows 11 or higher, 25H2, 2009) [1.113ms]

[33m[!][39m Android toolchain - develop for Android devices (Android SDK version 36.1.0) [867ms]
    [32m•[39m Android SDK at C:\Users\ujoao\AppData\Local\Android\sdk
    [32m•[39m Emulator version 36.5.10.0 (build_id 15081367) (CL:N/A)
    [32m•[39m Platform android-36.1, build-tools 36.1.0
    [32m•[39m Java binary at: C:\Users\ujoao\AppData\Roaming\Code\User\globalStorage\pleiades.java-extension-pack-jdk\java\latest\bin\java
      This JDK is specified by the JAVA_HOME environment variable.
      To manually set the JDK path, use: `flutter config --jdk-dir="path/to/jdk"`.
    [32m•[39m Java version OpenJDK Runtime Environment Temurin-26+35 (build 26+35)
    [31m✗[39m Android license status unknown.
      Run `flutter doctor --android-licenses` to accept the SDK licenses.
      See https://flutter.dev/to/windows-android-setup for more details.

[32m[✓][39m Chrome - develop for the web [289ms]
    [32m•[39m Chrome at C:\Program Files\Google\Chrome\Application\chrome.exe

[33m[!][39m Visual Studio - develop Windows apps (Ferramentas de Build do Visual Studio 2026 18.5.1) [287ms]
    [32m•[39m Visual Studio at C:\Program Files (x86)\Microsoft Visual Studio\18\BuildTools
    [32m•[39m Ferramentas de Build do Visual Studio 2026 version 18.5.11716.220
    [32m•[39m Windows 10 SDK version 10.0.26100.0
    [31m✗[39m The current Visual Studio installation is incomplete.
      Please use Visual Studio Installer to complete the installation or reinstall Visual Studio.

[32m[✓][39m Connected device (4 available) [283ms]
    [32m•[39m Windows (desktop) • windows    • windows-x64    • Microsoft Windows [versÆo 10.0.26200.8328]
    [32m•[39m Web Server (web)  • web-server • web-javascript • Flutter Tools
    [32m•[39m Chrome (web)      • chrome     • web-javascript • Google Chrome 147.0.7727.56
    [32m•[39m Edge (web)        • edge       • web-javascript • Microsoft Edge 148.0.3967.54

[32m[✓][39m Network resources [1.073ms]
    [32m•[39m All expected network resources are available.

[33m![39m Doctor found issues in 2 categories.
```
